<?xml version="1.0" encoding="utf-8"?>
<TestRun id="ba7f86aa-1e9b-4b0d-9155-e14588b66337" name="michs@BECKLEYPROART 2026-06-14 07:15:43" runUser="BECKLEYPROART\michs" xmlns="http://microsoft.com/schemas/VisualStudio/TeamTest/2010">
  <Times creation="2026-06-14T07:15:43.5172712-07:00" queuing="2026-06-14T07:15:43.5172716-07:00" start="2026-06-14T07:15:43.0565456-07:00" finish="2026-06-14T07:15:43.5226253-07:00" />
  <TestSettings name="default" id="b70c4ea4-d1c5-45b3-a133-c83667a640fc">
    <Deployment runDeploymentRoot="michs_BECKLEYPROART_2026-06-14_07_15_43" />
  </TestSettings>
  <Results>
    <UnitTestResult executionId="4462d26e-0704-4c58-9f73-43e1924f075a" testId="ad243c16-8428-d28e-7e23-2fd27c3ba3dc" testName="MaestroBackend.UnitTests.DebugSkeletonTests.DumpSkeletons" computerName="BECKLEYPROART" duration="00:00:00.0097820" startTime="2026-06-14T07:15:43.4354994-07:00" endTime="2026-06-14T07:15:43.4489326-07:00" testType="13cdc9d9-ddb5-4fa4-a97d-d965ccfc6d4b" outcome="Passed" testListId="8c84fa94-04c1-424b-9868-57a2d4851a1d" relativeResultsDirectory="4462d26e-0704-4c58-9f73-43e1924f075a" />
  </Results>
  <TestDefinitions>
    <UnitTest name="MaestroBackend.UnitTests.DebugSkeletonTests.DumpSkeletons" storage="d:\github\maestro\tests\maestrobackend.unittests\bin\debug\net10.0\maestrobackend.unittests.dll" id="ad243c16-8428-d28e-7e23-2fd27c3ba3dc">
      <Execution id="4462d26e-0704-4c58-9f73-43e1924f075a" />
      <TestMethod codeBase="D:\Github\Maestro\tests\MaestroBackend.UnitTests\bin\Debug\net10.0\MaestroBackend.UnitTests.dll" adapterTypeName="executor://xunit/VsTestRunner3/netcore/" className="MaestroBackend.UnitTests.DebugSkeletonTests" name="DumpSkeletons" />
    </UnitTest>
  </TestDefinitions>
  <TestEntries>
    <TestEntry testId="ad243c16-8428-d28e-7e23-2fd27c3ba3dc" executionId="4462d26e-0704-4c58-9f73-43e1924f075a" testListId="8c84fa94-04c1-424b-9868-57a2d4851a1d" />
  </TestEntries>
  <TestLists>
    <TestList name="Results Not in a List" id="8c84fa94-04c1-424b-9868-57a2d4851a1d" />
    <TestList name="All Loaded Results" id="19431567-8539-422a-85d7-44ee4e166bda" />
  </TestLists>
  <ResultSummary outcome="Completed">
    <Counters total="1" executed="1" passed="1" failed="0" error="0" timeout="0" aborted="0" inconclusive="0" passedButRunAborted="0" notRunnable="0" notExecuted="0" disconnected="0" warning="0" completed="0" inProgress="0" pending="0" />
    <Output>
      <StdOut>[xUnit.net 00:00:00.00] xUnit.net VSTest Adapter v3.1.4+50e68bbb8b (64-bit .NET 10.0.9)&#xD;
[xUnit.net 00:00:00.07]   Starting:    MaestroBackend.UnitTests&#xD;
--- C# Skeleton ---&#xD;
public class MyClass { ... }&#xD;
... [1 lines omitted]&#xD;
HttpGet { ... }&#xD;
public Task&lt;IActionResult&gt; GetData() { ... }&#xD;
... [3 lines omitted]&#xD;
--- Go/Rust Skeleton ---&#xD;
func() { ... }&#xD;
... [2 lines omitted]&#xD;
pub fn main() { ... }&#xD;
... [2 lines omitted]&#xD;
[xUnit.net 00:00:00.10]   Finished:    MaestroBackend.UnitTests&#xD;
</StdOut>
    </Output>
  </ResultSummary>
</TestRun>